{
  "RSpec": {
    "coverage": {
      "/home/cultured-controller-1056/tic-tac-toe-rb-online-web-sp-000/lib/tic_tac_toe.rb": [
        1,
        null,
        1,
        24,
        24,
        24,
        24,
        24,
        null,
        null,
        null,
        1,
        23,
        null,
        null,
        1,
        22,
        null,
        null,
        1,
        102,
        null,
        null,
        1,
        23,
        21,
        20,
        null,
        null,
        null,
        null,
        1,
        20,
        20,
        20,
        20,
        19,
        19,
        null,
        1,
        null,
        null,
        null,
        1,
        21,
        21,
        189,
        31,
        null,
        null,
        21,
        null,
        null,
        1,
        20,
        null,
        null,
        1,
        41,
        null,
        294,
        null,
        null,
        null,
        null,
        null,
        1,
        148,
        null,
        null,
        1,
        17,
        null,
        null,
        1,
        21,
        null,
        null,
        1,
        3,
        2,
        null,
        null,
        null,
        1,
        12,
        12,
        17,
        17,
        null,
        null
      ]
    },
    "timestamp": 1585931515
  }
}
