{
  "RSpec": {
    "coverage": {
      "/home/cultured-controller-1056/tic-tac-toe-rb-online-web-sp-000/lib/tic_tac_toe.rb": [
        1,
        null,
        1,
        30,
        30,
        30,
        30,
        30,
        null,
        null,
        null,
        1,
        44437,
        null,
        null,
        1,
        28,
        null,
        null,
        1,
        44449,
        null,
        null,
        1,
        44437,
        44435,
        26,
        null,
        null,
        null,
        null,
        1,
        44444,
        44438,
        44434,
        44434,
        25,
        25,
        null,
        44409,
        null,
        null,
        null,
        1,
        2,
        2,
        18,
        5,
        null,
        null,
        2,
        null,
        null,
        1,
        1,
        null,
        null,
        1,
        16,
        null,
        113,
        null,
        null,
        null,
        null,
        null,
        1,
        49,
        null,
        null,
        1,
        7,
        null,
        null,
        1,
        3,
        null,
        null,
        1,
        3,
        2,
        null,
        null,
        null,
        1,
        12,
        12,
        35,
        23,
        null,
        null
      ]
    },
    "timestamp": 1585931146
  }
}
